#
# There is insufficient memory for the Java Runtime Environment to continue.
# Native memory allocation (mmap) failed to map 65011712 bytes. Error detail: G1 virtual space
# Possible reasons:
#   The system is out of physical RAM or swap space
#   This process is running with CompressedOops enabled, and the Java Heap may be blocking the growth of the native heap
# Possible solutions:
#   Reduce memory load on the system
#   Increase physical memory or swap space
#   Check if swap backing store is full
#   Decrease Java heap size (-Xmx/-Xms)
#   Decrease number of Java threads
#   Decrease Java thread stack sizes (-Xss)
#   Set larger code cache with -XX:ReservedCodeCacheSize=
#   JVM is running with Unscaled Compressed Oops mode in which the Java heap is
#     placed in the first 4GB address space. The Java Heap base address is the
#     maximum limit for the native heap growth. Please use -XX:HeapBaseMinAddress
#     to set the Java Heap base and to place the Java Heap above 4GB virtual address.
# This output file may be truncated or incomplete.
#
#  Out of Memory Error (os_windows.cpp:3631), pid=15252, tid=2156
#
# JRE version:  (22.0+36) (build )
# Java VM: Java HotSpot(TM) 64-Bit Server VM (22+36-2370, mixed mode, sharing, tiered, compressed oops, compressed class ptrs, g1 gc, windows-amd64)
# No core dump will be written. Minidumps are not enabled by default on client versions of Windows
#

---------------  S U M M A R Y ------------

Command Line: -Dfile.encoding=UTF-8 -Dstdout.encoding=UTF-8 -Dstderr.encoding=UTF-8 -XX:+ShowCodeDetailsInExceptionMessages com.tnsif.c2tc.assignments.assignmentThree.Main

Host: Intel(R) Core(TM) i3-10110U CPU @ 2.10GHz, 4 cores, 3G,  Windows 11 , 64 bit Build 22621 (10.0.22621.3374)
Time: Fri Apr 19 22:07:02 2024 India Standard Time elapsed time: 0.014866 seconds (0d 0h 0m 0s)

---------------  T H R E A D  ---------------

Current thread (0x0000021ab35ff910):  JavaThread "Unknown thread" [_thread_in_vm, id=2156, stack(0x000000262f300000,0x000000262f400000) (1024K)]

Stack: [0x000000262f300000,0x000000262f400000]
Native frames: (J=compiled Java code, j=interpreted, Vv=VM code, C=native code)
V  [jvm.dll+0x6e2349]  (no source info available)
V  [jvm.dll+0x874ed3]  (no source info available)
V  [jvm.dll+0x8772fe]  (no source info available)
V  [jvm.dll+0x8779d3]  (no source info available)
V  [jvm.dll+0x27fcb6]  (no source info available)
V  [jvm.dll+0x6de9e5]  (no source info available)
V  [jvm.dll+0x6d34ea]  (no source info available)
V  [jvm.dll+0x35892a]  (no source info available)
V  [jvm.dll+0x360e56]  (no source info available)
V  [jvm.dll+0x3b3d7e]  (no source info available)
V  [jvm.dll+0x3b4028]  (no source info available)
V  [jvm.dll+0x32c4ec]  (no source info available)
V  [jvm.dll+0x32d0a8]  (no source info available)
V  [jvm.dll+0x83cd9c]  (no source info available)
V  [jvm.dll+0x3c0cc1]  (no source info available)
V  [jvm.dll+0x825d8c]  (no source info available)
V  [jvm.dll+0x45b9ee]  (no source info available)
V  [jvm.dll+0x45d871]  (no source info available)
C  [jli.dll+0x52a3]  (no source info available)
C  [ucrtbase.dll+0x29333]  (no source info available)
C  [KERNEL32.DLL+0x1257d]  (no source info available)
C  [ntdll.dll+0x5aa48]  (no source info available)


---------------  P R O C E S S  ---------------

Threads class SMR info:
_java_thread_list=0x00007ffe0460c1c8, length=0, elements={
}

Java Threads: ( => current thread )
Total: 0

Other Threads:
  0x0000021ab3632ab0 WorkerThread "GC Thread#0"                     [id=8620, stack(0x000000262f400000,0x000000262f500000) (1024K)]
  0x0000021ab363b5a0 ConcurrentGCThread "G1 Main Marker"            [id=16732, stack(0x000000262f500000,0x000000262f600000) (1024K)]
  0x0000021ab363ca00 WorkerThread "G1 Conc#0"                       [id=17116, stack(0x000000262f600000,0x000000262f700000) (1024K)]

[error occurred during error reporting (printing all threads), id 0xc0000005, EXCEPTION_ACCESS_VIOLATION (0xc0000005) at pc=0x00007ffe03d5f2b7]
VM state: not at safepoint (not fully initialized)

VM Mutex/Monitor currently owned by a thread:  ([mutex/lock_event])
[0x00007ffe0468ccc8] Heap_lock - owner thread: 0x0000021ab35ff910

Heap address: 0x00000000c2800000, size: 984 MB, Compressed Oops mode: 32-bit

CDS archive(s) mapped at: [0x0000000000000000-0x0000000000000000-0x0000000000000000), size 0, SharedBaseAddress: 0x0000000800000000, ArchiveRelocationMode: 1.
Narrow klass base: 0x0000000000000000, Narrow klass shift: 0, Narrow klass range: 0x0

GC Precious Log:
 CardTable entry size: 512
 Card Set container configuration: InlinePtr #cards 5 size 8 Array Of Cards #cards 12 size 40 Howl #buckets 4 coarsen threshold 1843 Howl Bitmap #cards 512 size 80 coarsen threshold 460 Card regions per heap region 1 cards per card region 2048

Heap:
 garbage-first heap   total reserved 1007616K, committed 0K, used 0K [0x00000000c2800000, 0x0000000100000000)
  region size 1024K, 0 young (0K), 0 survivors (0K)

[error occurred during error reporting (printing heap information), id 0xc0000005, EXCEPTION_ACCESS_VIOLATION (0xc0000005) at pc=0x00007ffe0415e4e9]
GC Heap History (0 events):
No events

Dll operation events (1 events):
Event: 0.011 Loaded shared library C:\Program Files\Java\jdk-22\bin\java.dll

Deoptimization events (0 events):
No events

Classes loaded (0 events):
No events

Classes unloaded (0 events):
No events

Classes redefined (0 events):
No events

Internal exceptions (0 events):
No events

ZGC Phase Switch (0 events):
No events

VM Operations (0 events):
No events

Events (0 events):
No events


Dynamic libraries:
0x00007ff64e0c0000 - 0x00007ff64e0d0000 	C:\Program Files\Java\jdk-22\bin\javaw.exe
0x00007ffe8d0f0000 - 0x00007ffe8d306000 	C:\WINDOWS\SYSTEM32\ntdll.dll
0x00007ffe8b640000 - 0x00007ffe8b704000 	C:\WINDOWS\System32\KERNEL32.DLL
0x00007ffe8a710000 - 0x00007ffe8aab7000 	C:\WINDOWS\System32\KERNELBASE.dll
0x00007ffe8a5f0000 - 0x00007ffe8a701000 	C:\WINDOWS\System32\ucrtbase.dll
0x00007ffe74b50000 - 0x00007ffe74b6b000 	C:\Program Files\Java\jdk-22\bin\VCRUNTIME140.dll
0x00007ffe74b10000 - 0x00007ffe74b27000 	C:\Program Files\Java\jdk-22\bin\jli.dll
0x00007ffe8ae40000 - 0x00007ffe8aef2000 	C:\WINDOWS\System32\ADVAPI32.dll
0x00007ffe8ce90000 - 0x00007ffe8cf37000 	C:\WINDOWS\System32\msvcrt.dll
0x00007ffe8cf40000 - 0x00007ffe8cfe8000 	C:\WINDOWS\System32\sechost.dll
0x00007ffe8aac0000 - 0x00007ffe8aae8000 	C:\WINDOWS\System32\bcrypt.dll
0x00007ffe8bd50000 - 0x00007ffe8be65000 	C:\WINDOWS\System32\RPCRT4.dll
0x00007ffe8c840000 - 0x00007ffe8c9ee000 	C:\WINDOWS\System32\USER32.dll
0x00007ffe8adf0000 - 0x00007ffe8ae16000 	C:\WINDOWS\System32\win32u.dll
0x00007ffe8cff0000 - 0x00007ffe8d019000 	C:\WINDOWS\System32\GDI32.dll
0x00007ffe8a4d0000 - 0x00007ffe8a5e9000 	C:\WINDOWS\System32\gdi32full.dll
0x00007ffe71790000 - 0x00007ffe71a23000 	C:\WINDOWS\WinSxS\amd64_microsoft.windows.common-controls_6595b64144ccf1df_6.0.22621.3235_none_270f74e173860f98\COMCTL32.dll
0x00007ffe8abe0000 - 0x00007ffe8ac7a000 	C:\WINDOWS\System32\msvcp_win.dll
0x00007ffe7a420000 - 0x00007ffe7a42a000 	C:\WINDOWS\SYSTEM32\VERSION.dll
0x00007ffe8cd80000 - 0x00007ffe8cdb1000 	C:\WINDOWS\System32\IMM32.DLL
0x00007ffe73270000 - 0x00007ffe7327c000 	C:\Program Files\Java\jdk-22\bin\vcruntime140_1.dll
0x00007ffe05e80000 - 0x00007ffe05f0e000 	C:\Program Files\Java\jdk-22\bin\msvcp140.dll
0x00007ffe03a20000 - 0x00007ffe04768000 	C:\Program Files\Java\jdk-22\bin\server\jvm.dll
0x00007ffe8b5c0000 - 0x00007ffe8b631000 	C:\WINDOWS\System32\WS2_32.dll
0x00007ffe8a2e0000 - 0x00007ffe8a32d000 	C:\WINDOWS\SYSTEM32\POWRPROF.dll
0x00007ffe7b2f0000 - 0x00007ffe7b324000 	C:\WINDOWS\SYSTEM32\WINMM.dll
0x00007ffe8a2c0000 - 0x00007ffe8a2d3000 	C:\WINDOWS\SYSTEM32\UMPDC.dll
0x00007ffe89410000 - 0x00007ffe89428000 	C:\WINDOWS\SYSTEM32\kernel.appcore.dll
0x00007ffe73260000 - 0x00007ffe7326a000 	C:\Program Files\Java\jdk-22\bin\jimage.dll
0x00007ffe87bd0000 - 0x00007ffe87e03000 	C:\WINDOWS\SYSTEM32\DBGHELP.DLL
0x00007ffe8c9f0000 - 0x00007ffe8cd78000 	C:\WINDOWS\System32\combase.dll
0x00007ffe8af00000 - 0x00007ffe8afd7000 	C:\WINDOWS\System32\OLEAUT32.dll
0x00007ffe6b660000 - 0x00007ffe6b692000 	C:\WINDOWS\SYSTEM32\dbgcore.DLL
0x00007ffe8aaf0000 - 0x00007ffe8ab69000 	C:\WINDOWS\System32\bcryptPrimitives.dll
0x00007ffe71510000 - 0x00007ffe7152e000 	C:\Program Files\Java\jdk-22\bin\java.dll
0x00007ffe8be80000 - 0x00007ffe8c6dc000 	C:\WINDOWS\System32\SHELL32.dll
0x00007ffe8b710000 - 0x00007ffe8b8b5000 	C:\WINDOWS\System32\ole32.dll

dbghelp: loaded successfully - version: 4.0.5 - missing functions: none
symbol engine: initialized successfully - sym options: 0x614 - pdb path: .;C:\Program Files\Java\jdk-22\bin;C:\WINDOWS\SYSTEM32;C:\WINDOWS\WinSxS\amd64_microsoft.windows.common-controls_6595b64144ccf1df_6.0.22621.3235_none_270f74e173860f98;C:\Program Files\Java\jdk-22\bin\server

VM Arguments:
jvm_args: -Dfile.encoding=UTF-8 -Dstdout.encoding=UTF-8 -Dstderr.encoding=UTF-8 -XX:+ShowCodeDetailsInExceptionMessages 
java_command: com.tnsif.c2tc.assignments.assignmentThree.Main
java_class_path (initial): C:\Users\User\eclipse-workspace\C2TC_CoreJava_C37\Batch_C37\bin
Launcher Type: SUN_STANDARD

[Global flags]
     intx CICompilerCount                          = 3                                         {product} {ergonomic}
     uint ConcGCThreads                            = 1                                         {product} {ergonomic}
     uint G1ConcRefinementThreads                  = 4                                         {product} {ergonomic}
   size_t G1HeapRegionSize                         = 1048576                                   {product} {ergonomic}
   size_t InitialHeapSize                          = 65011712                                  {product} {ergonomic}
   size_t MarkStackSize                            = 4194304                                   {product} {ergonomic}
   size_t MaxHeapSize                              = 1031798784                                {product} {ergonomic}
   size_t MinHeapDeltaBytes                        = 1048576                                   {product} {ergonomic}
   size_t MinHeapSize                              = 8388608                                   {product} {ergonomic}
    uintx NonNMethodCodeHeapSize                   = 5832780                                {pd product} {ergonomic}
    uintx NonProfiledCodeHeapSize                  = 122912730                              {pd product} {ergonomic}
    uintx ProfiledCodeHeapSize                     = 122912730                              {pd product} {ergonomic}
    uintx ReservedCodeCacheSize                    = 251658240                              {pd product} {ergonomic}
     bool SegmentedCodeCache                       = true                                      {product} {ergonomic}
     bool ShowCodeDetailsInExceptionMessages       = true                                   {manageable} {command line}
   size_t SoftMaxHeapSize                          = 1031798784                             {manageable} {ergonomic}
     bool UseCompressedOops                        = true                           {product lp64_product} {ergonomic}
     bool UseG1GC                                  = true                                      {product} {ergonomic}
     bool UseLargePagesIndividualAllocation        = false                                  {pd product} {ergonomic}

Logging:
Log output configuration:
 #0: stdout all=warning uptime,level,tags foldmultilines=false
 #1: stderr all=off uptime,level,tags foldmultilines=false

Environment Variables:
JAVA_HOME=C:\Program Files\Java\jdk-18.0.2.1
PATH=C:\Python312\Scripts\;C:\Python312\;C:\Program Files\Common Files\Oracle\Java\javapath;C:\Program Files (x86)\Common Files\Oracle\Java\javapath;C:\WINDOWS\system32;C:\WINDOWS;C:\WINDOWS\System32\Wbem;C:\WINDOWS\System32\WindowsPowerShell\v1.0\;C:\WINDOWS\System32\OpenSSH\;C:\Program Files\dotnet\;C:\Program Files\Microsoft SQL Server\130\Tools\Binn\;C:\MinGW\bin;C:\Program Files\Git\cmd;C:\Program Files (x86)\dotnet\;C:\Program Files\mongosh-1.5.4-win32-x64\mongosh-1.5.4-win32-x64\bin;C:\Program Files\php-8.1.10-Win32-vs16-x64;C:\ProgramData\ComposerSetup\bin;C:\Users\User\AppData\Local\Packages\PythonSoftwareFoundation.Python.3.10_qbz5n2kfra8p0\LocalCache\local-packages\Python310\Scripts;C:\ProgramData\chocolatey\bin;C:\Program Files\nodejs\;C:\Program Files\MySQL\MySQL Server 8.0\bin;C:\Program Files\MySQL\MySQL Shell 8.0\bin\;C:\Users\User\AppData\Roaming\edgedb\bin;C:\Users\User\AppData\Local\Microsoft\WindowsApps;C:\Users\User\AppData\Local\Programs\Microsoft VS Code\bin;C:\Users\User\AppData\Roaming\Composer\vendor\bin;C:\adb;C:\Users\User\AppData\Local\Microsoft\WindowsApps;C:\Users\User\AppData\Roaming\npm;G:\scrcpy-win64-v2.3.1
USERNAME=User
OS=Windows_NT
PROCESSOR_IDENTIFIER=Intel64 Family 6 Model 142 Stepping 12, GenuineIntel
TMP=C:\Users\User\AppData\Local\Temp
TEMP=C:\Users\User\AppData\Local\Temp




Periodic native trim disabled

---------------  S Y S T E M  ---------------

OS:
 Windows 11 , 64 bit Build 22621 (10.0.22621.3374)
OS uptime: 1 days 1:44 hours
Hyper-V role detected

CPU: total 4 (initial active 4) (2 cores per cpu, 2 threads per core) family 6 model 142 stepping 12 microcode 0xea, cx8, cmov, fxsr, ht, mmx, 3dnowpref, sse, sse2, sse3, ssse3, sse4.1, sse4.2, popcnt, lzcnt, tsc, tscinvbit, avx, avx2, aes, erms, clmul, bmi1, bmi2, adx, fma, vzeroupper, clflush, clflushopt, hv, rdtscp, f16c
Processor Information for all 4 processors :
  Max Mhz: 2501, Current Mhz: 2501, Mhz Limit: 2501

Memory: 4k page, system-wide physical 3933M (458M free)
TotalPageFile size 10077M (AvailPageFile size 51M)
current process WorkingSet (physical memory assigned to process): 11M, peak: 11M
current process commit charge ("private bytes"): 52M, peak: 113M

vm_info: Java HotSpot(TM) 64-Bit Server VM (22+36-2370) for windows-amd64 JRE (22+36-2370), built on 2024-02-15T22:15:19Z by "mach5one" with MS VC++ 17.6 (VS2022)

END.
